DEB [20181227-11:19:10.920] thr=1   paramiko.transport: starting thread (client mode): 0x39c36b0
DEB [20181227-11:19:10.921] thr=1   paramiko.transport: Local version/idstring: SSH-2.0-paramiko_2.4.2
DEB [20181227-11:19:10.945] thr=1   paramiko.transport: Remote version/idstring: SSH-2.0-OpenSSH_7.4
INF [20181227-11:19:10.945] thr=1   paramiko.transport: Connected (version 2.0, client OpenSSH_7.4)
DEB [20181227-11:19:10.950] thr=1   paramiko.transport: kex algos:['curve25519-sha256', 'curve25519-sha256@libssh.org', 'ecdh-sha2-nistp256', 'ecdh-sha2-nistp384', 'ecdh-sha2-nistp521', 'diffie-hellman-group-exchange-sha256', 'diffie-hellman-group16-sha512', 'diffie-hellman-group18-sha512', 'diffie-hellman-group-exchange-sha1', 'diffie-hellman-group14-sha256', 'diffie-hellman-group14-sha1', 'diffie-hellman-group1-sha1'] server key:['ssh-rsa', 'rsa-sha2-512', 'rsa-sha2-256', 'ecdsa-sha2-nistp256', 'ssh-ed25519'] client encrypt:['chacha20-poly1305@openssh.com', 'aes128-ctr', 'aes192-ctr', 'aes256-ctr', 'aes128-gcm@openssh.com', 'aes256-gcm@openssh.com', 'aes128-cbc', 'aes192-cbc', 'aes256-cbc', 'blowfish-cbc', 'cast128-cbc', '3des-cbc'] server encrypt:['chacha20-poly1305@openssh.com', 'aes128-ctr', 'aes192-ctr', 'aes256-ctr', 'aes128-gcm@openssh.com', 'aes256-gcm@openssh.com', 'aes128-cbc', 'aes192-cbc', 'aes256-cbc', 'blowfish-cbc', 'cast128-cbc', '3des-cbc'] client mac:['umac-64-etm@openssh.com', 'umac-128-etm@openssh.com', 'hmac-sha2-256-etm@openssh.com', 'hmac-sha2-512-etm@openssh.com', 'hmac-sha1-etm@openssh.com', 'umac-64@openssh.com', 'umac-128@openssh.com', 'hmac-sha2-256', 'hmac-sha2-512', 'hmac-sha1'] server mac:['umac-64-etm@openssh.com', 'umac-128-etm@openssh.com', 'hmac-sha2-256-etm@openssh.com', 'hmac-sha2-512-etm@openssh.com', 'hmac-sha1-etm@openssh.com', 'umac-64@openssh.com', 'umac-128@openssh.com', 'hmac-sha2-256', 'hmac-sha2-512', 'hmac-sha1'] client compress:['none', 'zlib@openssh.com'] server compress:['none', 'zlib@openssh.com'] client lang:[''] server lang:[''] kex follows?False
DEB [20181227-11:19:10.951] thr=1   paramiko.transport: Kex agreed: ecdh-sha2-nistp256
DEB [20181227-11:19:10.951] thr=1   paramiko.transport: HostKey agreed: ssh-ed25519
DEB [20181227-11:19:10.951] thr=1   paramiko.transport: Cipher agreed: aes128-ctr
DEB [20181227-11:19:10.951] thr=1   paramiko.transport: MAC agreed: hmac-sha2-256
DEB [20181227-11:19:10.951] thr=1   paramiko.transport: Compression agreed: none
DEB [20181227-11:19:12.087] thr=1   paramiko.transport: kex engine KexNistp256 specified hash_algo <built-in function openssl_sha256>
DEB [20181227-11:19:12.088] thr=1   paramiko.transport: Switch to new keys ...
DEB [20181227-11:19:25.167] thr=1   paramiko.transport: userauth is OK
INF [20181227-11:19:25.226] thr=1   paramiko.transport: Authentication (password) successful!
DEB [20181227-11:19:25.235] thr=2   paramiko.transport: [chan 0] Max packet in: 32768 bytes
DEB [20181227-11:19:25.487] thr=1   paramiko.transport: Received global request "hostkeys-00@openssh.com"
DEB [20181227-11:19:25.487] thr=1   paramiko.transport: Rejecting "hostkeys-00@openssh.com" global request from server.
DEB [20181227-11:19:25.528] thr=1   paramiko.transport: [chan 0] Max packet out: 32768 bytes
DEB [20181227-11:19:25.529] thr=1   paramiko.transport: Secsh channel 0 opened.
DEB [20181227-11:19:25.536] thr=1   paramiko.transport: [chan 0] Sesch channel 0 request ok
DEB [20181227-11:19:25.555] thr=1   paramiko.transport: [chan 0] Sesch channel 0 request ok
DEB [20181227-11:21:28.764] thr=1   paramiko.transport: starting thread (client mode): 0x3ae3350
DEB [20181227-11:21:28.765] thr=1   paramiko.transport: Local version/idstring: SSH-2.0-paramiko_2.4.2
DEB [20181227-11:21:28.778] thr=1   paramiko.transport: Remote version/idstring: SSH-2.0-OpenSSH_7.4
INF [20181227-11:21:28.778] thr=1   paramiko.transport: Connected (version 2.0, client OpenSSH_7.4)
DEB [20181227-11:21:28.783] thr=1   paramiko.transport: kex algos:['curve25519-sha256', 'curve25519-sha256@libssh.org', 'ecdh-sha2-nistp256', 'ecdh-sha2-nistp384', 'ecdh-sha2-nistp521', 'diffie-hellman-group-exchange-sha256', 'diffie-hellman-group16-sha512', 'diffie-hellman-group18-sha512', 'diffie-hellman-group-exchange-sha1', 'diffie-hellman-group14-sha256', 'diffie-hellman-group14-sha1', 'diffie-hellman-group1-sha1'] server key:['ssh-rsa', 'rsa-sha2-512', 'rsa-sha2-256', 'ecdsa-sha2-nistp256', 'ssh-ed25519'] client encrypt:['chacha20-poly1305@openssh.com', 'aes128-ctr', 'aes192-ctr', 'aes256-ctr', 'aes128-gcm@openssh.com', 'aes256-gcm@openssh.com', 'aes128-cbc', 'aes192-cbc', 'aes256-cbc', 'blowfish-cbc', 'cast128-cbc', '3des-cbc'] server encrypt:['chacha20-poly1305@openssh.com', 'aes128-ctr', 'aes192-ctr', 'aes256-ctr', 'aes128-gcm@openssh.com', 'aes256-gcm@openssh.com', 'aes128-cbc', 'aes192-cbc', 'aes256-cbc', 'blowfish-cbc', 'cast128-cbc', '3des-cbc'] client mac:['umac-64-etm@openssh.com', 'umac-128-etm@openssh.com', 'hmac-sha2-256-etm@openssh.com', 'hmac-sha2-512-etm@openssh.com', 'hmac-sha1-etm@openssh.com', 'umac-64@openssh.com', 'umac-128@openssh.com', 'hmac-sha2-256', 'hmac-sha2-512', 'hmac-sha1'] server mac:['umac-64-etm@openssh.com', 'umac-128-etm@openssh.com', 'hmac-sha2-256-etm@openssh.com', 'hmac-sha2-512-etm@openssh.com', 'hmac-sha1-etm@openssh.com', 'umac-64@openssh.com', 'umac-128@openssh.com', 'hmac-sha2-256', 'hmac-sha2-512', 'hmac-sha1'] client compress:['none', 'zlib@openssh.com'] server compress:['none', 'zlib@openssh.com'] client lang:[''] server lang:[''] kex follows?False
DEB [20181227-11:21:28.783] thr=1   paramiko.transport: Kex agreed: ecdh-sha2-nistp256
DEB [20181227-11:21:28.783] thr=1   paramiko.transport: HostKey agreed: ssh-ed25519
DEB [20181227-11:21:28.783] thr=1   paramiko.transport: Cipher agreed: aes128-ctr
DEB [20181227-11:21:28.784] thr=1   paramiko.transport: MAC agreed: hmac-sha2-256
DEB [20181227-11:21:28.784] thr=1   paramiko.transport: Compression agreed: none
DEB [20181227-11:21:28.866] thr=1   paramiko.transport: kex engine KexNistp256 specified hash_algo <built-in function openssl_sha256>
DEB [20181227-11:21:28.867] thr=1   paramiko.transport: Switch to new keys ...
DEB [20181227-11:21:39.255] thr=1   paramiko.transport: userauth is OK
INF [20181227-11:21:39.304] thr=1   paramiko.transport: Authentication (password) successful!
DEB [20181227-11:21:39.304] thr=2   paramiko.transport: [chan 0] Max packet in: 32768 bytes
DEB [20181227-11:21:39.539] thr=1   paramiko.transport: Received global request "hostkeys-00@openssh.com"
DEB [20181227-11:21:39.539] thr=1   paramiko.transport: Rejecting "hostkeys-00@openssh.com" global request from server.
DEB [20181227-11:21:39.579] thr=1   paramiko.transport: [chan 0] Max packet out: 32768 bytes
DEB [20181227-11:21:39.579] thr=1   paramiko.transport: Secsh channel 0 opened.
DEB [20181227-11:21:39.586] thr=1   paramiko.transport: [chan 0] Sesch channel 0 request ok
DEB [20181227-11:21:39.595] thr=1   paramiko.transport: [chan 0] Sesch channel 0 request ok
DEB [20181227-11:22:20.820] thr=1   paramiko.transport: starting thread (client mode): 0x32923d0
DEB [20181227-11:22:20.821] thr=1   paramiko.transport: Local version/idstring: SSH-2.0-paramiko_2.4.2
DEB [20181227-11:22:20.839] thr=1   paramiko.transport: Remote version/idstring: SSH-2.0-OpenSSH_7.4
INF [20181227-11:22:20.839] thr=1   paramiko.transport: Connected (version 2.0, client OpenSSH_7.4)
DEB [20181227-11:22:20.844] thr=1   paramiko.transport: kex algos:['curve25519-sha256', 'curve25519-sha256@libssh.org', 'ecdh-sha2-nistp256', 'ecdh-sha2-nistp384', 'ecdh-sha2-nistp521', 'diffie-hellman-group-exchange-sha256', 'diffie-hellman-group16-sha512', 'diffie-hellman-group18-sha512', 'diffie-hellman-group-exchange-sha1', 'diffie-hellman-group14-sha256', 'diffie-hellman-group14-sha1', 'diffie-hellman-group1-sha1'] server key:['ssh-rsa', 'rsa-sha2-512', 'rsa-sha2-256', 'ecdsa-sha2-nistp256', 'ssh-ed25519'] client encrypt:['chacha20-poly1305@openssh.com', 'aes128-ctr', 'aes192-ctr', 'aes256-ctr', 'aes128-gcm@openssh.com', 'aes256-gcm@openssh.com', 'aes128-cbc', 'aes192-cbc', 'aes256-cbc', 'blowfish-cbc', 'cast128-cbc', '3des-cbc'] server encrypt:['chacha20-poly1305@openssh.com', 'aes128-ctr', 'aes192-ctr', 'aes256-ctr', 'aes128-gcm@openssh.com', 'aes256-gcm@openssh.com', 'aes128-cbc', 'aes192-cbc', 'aes256-cbc', 'blowfish-cbc', 'cast128-cbc', '3des-cbc'] client mac:['umac-64-etm@openssh.com', 'umac-128-etm@openssh.com', 'hmac-sha2-256-etm@openssh.com', 'hmac-sha2-512-etm@openssh.com', 'hmac-sha1-etm@openssh.com', 'umac-64@openssh.com', 'umac-128@openssh.com', 'hmac-sha2-256', 'hmac-sha2-512', 'hmac-sha1'] server mac:['umac-64-etm@openssh.com', 'umac-128-etm@openssh.com', 'hmac-sha2-256-etm@openssh.com', 'hmac-sha2-512-etm@openssh.com', 'hmac-sha1-etm@openssh.com', 'umac-64@openssh.com', 'umac-128@openssh.com', 'hmac-sha2-256', 'hmac-sha2-512', 'hmac-sha1'] client compress:['none', 'zlib@openssh.com'] server compress:['none', 'zlib@openssh.com'] client lang:[''] server lang:[''] kex follows?False
DEB [20181227-11:22:20.845] thr=1   paramiko.transport: Kex agreed: ecdh-sha2-nistp256
DEB [20181227-11:22:20.845] thr=1   paramiko.transport: HostKey agreed: ssh-ed25519
DEB [20181227-11:22:20.845] thr=1   paramiko.transport: Cipher agreed: aes128-ctr
DEB [20181227-11:22:20.845] thr=1   paramiko.transport: MAC agreed: hmac-sha2-256
DEB [20181227-11:22:20.845] thr=1   paramiko.transport: Compression agreed: none
DEB [20181227-11:22:20.929] thr=1   paramiko.transport: kex engine KexNistp256 specified hash_algo <built-in function openssl_sha256>
DEB [20181227-11:22:20.929] thr=1   paramiko.transport: Switch to new keys ...
DEB [20181227-11:22:27.614] thr=1   paramiko.transport: userauth is OK
INF [20181227-11:22:27.664] thr=1   paramiko.transport: Authentication (password) successful!
DEB [20181227-11:22:27.664] thr=2   paramiko.transport: [chan 0] Max packet in: 32768 bytes
DEB [20181227-11:22:27.908] thr=1   paramiko.transport: Received global request "hostkeys-00@openssh.com"
DEB [20181227-11:22:27.908] thr=1   paramiko.transport: Rejecting "hostkeys-00@openssh.com" global request from server.
DEB [20181227-11:22:27.949] thr=1   paramiko.transport: [chan 0] Max packet out: 32768 bytes
DEB [20181227-11:22:27.949] thr=1   paramiko.transport: Secsh channel 0 opened.
DEB [20181227-11:22:27.956] thr=1   paramiko.transport: [chan 0] Sesch channel 0 request ok
DEB [20181227-11:22:27.961] thr=1   paramiko.transport: [chan 0] Sesch channel 0 request ok
DEB [20181227-11:22:44.909] thr=2   paramiko.transport: [chan 0] EOF sent (0)
DEB [20181227-11:22:44.910] thr=1   paramiko.transport: EOF in transport thread
